symbolic.min_int=-2147483648
symbolic.min_long=-9223372036854775808
symbolic.min_short=-32768
symbolic.min_byte=-128
symbolic.min_char=0
symbolic.max_int=2147483647
symbolic.max_long=9223372036854775807
symbolic.max_short=32767
symbolic.max_byte=127
symbolic.max_char=65535
symbolic.min_double=4.9E-324
symbolic.max_double=1.7976931348623157E308
* Warning: either invalid or no veritestingMode specified.
* Warning: set veritestingMode to 1 to use vanilla SPF with VeritestingListener
* Warning: set veritestingMode to 2 to use veritesting
* Warning: set veritestingMode to 3 to use veritesting with higher order regions
* Warning: set veritestingMode to 4 to use veritesting with higher order regions and SPFCases
* Warning: resetting veritestingMode to 0 (aka use vanilla SPF)
JavaPathfinder core system v8.0 (rev e734381a6e606354034111dc855be9a8e454ce71) - (C) 2005-2014 United States Government. All rights reserved.


====================================================== system under test
tcgbenchmarks.printtokens2_3.printTokens2.main()

====================================================== search started: 5/13/21 6:13 PM
---- CoverageMode = SPF, solver = z3bitvectorinc, benchmark= printTokens2, STEPS 1
|-|-|-|-|-|-|-|-|-|-|-|-finished obligation collection|-|-|-|-|-|-|-|-|-|-|-|-|-|-|-|-|-|-
eof.
identifier, "".
identifier, "".
identifier, "".
lparen.
identifier, "".
rparen.
identifier, "".
lsquare.
identifier, "".
rsquare.
identifier, "".
quote.
identifier, "".
bquote.
identifier, "".
comma.
identifier, "".
error, "".
identifier, "".
identifier, "".
identifier, "".
identifier, "".
identifier, "".
error, "".
identifier, "".
identifier, "".
error, "".
error, "".
error, "".
error, "".
character, "".
error, "".

====================================================== VeritestingListener report:
Encountered Veritesting Regions in veriRegions (i.e., VeriTestingMain.veriRegions size) = 0

/************************ Printing Exception Statistics *****************
Static Analysis exceptions count = 0
Instantiation Time exceptions count = 0
Unknown phases exception count = 0


/************************ Printing Time Decomposition Statistics *****************
static analysis time = 0 msec
Veritesting Dyn Time = 5779 msec
Veritesting fix-point Time = 0 msec
GoTo rewrite instances = 0

/************************ Printing Solver Statistics *****************
Total Solver Queries Count = 378
Total Solver Time = 184 msec
Total Solver Parse Time = 118 msec
Region Summary Parse Time = 0 msec
Total Solver Clean up Time = 0 msec
PCSatSolverCount = 0
PCSatSolverTime = 0 msec
Constant Propagation Time for PC sat. checks = 0
Array SPF Case count = 0
If-removed count = 0

/************************ Printing Region Statistics *****************
Number of Distinct Veritested Regions = 0
Number of Distinct Un-Veritested Symbolic Regions = 0
Number of Distinct Failed Regions for Field Reference = 0
Number of Distinct Failed Regions for SPFCases = 0
Number of Distinct Failed Regions for missing method summaries = 0
Number of Distinct Failed Regions for Other Reasons = 0
Number of High Order Regions Used = 0

/************************ Printing Instantiation Statistics *****************
Number of successful instantiations = 0
Total Number of unsuccessful instantiations = 0
Number of failed instantiations due to Field Reference = 0
Number of failed instantiations due to SPFCases = 0
Number of failed instantiations due to missing method summaries = 0
Number of failed instantiations due to Other Reasons = 0


Number of Veritested Regions Instances = 0
Printing keys of regions that were instantiated at least once
Finished printing keys of regions that were instantiated at least once

Metrics Vector:
5779,0,5779,26,378,184,118,0,0,0,0,0,0,0,0,0,0,0,0,0,0,0,0,0,0,0,-1,-1,0.0,0,0,0

====================================================== Branch Coverage report:
Obligation -----> Coverage:
tcgbenchmarks.printtokens2_3.printTokens2.is_str_constant([C)Z.7.NOT_TAKEN -----> true 
tcgbenchmarks.printtokens2_3.printTokens2.is_token_end(IC)Z.25.NOT_TAKEN -----> true 
tcgbenchmarks.printtokens2_3.printTokens2.is_spec_symbol([C)Z.5.TAKEN -----> true 
tcgbenchmarks.printtokens2_3.printTokens2.print_spec_symbol([C)V.43.TAKEN -----> true 
tcgbenchmarks.printtokens2_3.printTokens2.isdigit(C)Z.3.NOT_TAKEN -----> true 
tcgbenchmarks.printtokens2_3.printTokens2.is_token_end(IC)Z.39.TAKEN -----> true 
tcgbenchmarks.printtokens2_3.printTokens2.print_token([C)V.65.TAKEN -----> true 
tcgbenchmarks.printtokens2_3.printTokens2.is_token_end(IC)Z.93.NOT_TAKEN -----> false 
tcgbenchmarks.printtokens2_3.printTokens2.is_eof_token([C)Z.3.TAKEN -----> true 
tcgbenchmarks.printtokens2_3.printTokens2.is_token_end(IC)Z.18.NOT_TAKEN -----> true 
tcgbenchmarks.printtokens2_3.printTokens2.print_spec_symbol([C)V.62.NOT_TAKEN -----> true 
tcgbenchmarks.printtokens2_3.printTokens2.is_token_end(IC)Z.85.NOT_TAKEN -----> false 
tcgbenchmarks.printtokens2_3.printTokens2.is_token_end(IC)Z.77.NOT_TAKEN -----> false 
tcgbenchmarks.printtokens2_3.printTokens2.is_char_constant([C)Z.5.NOT_TAKEN -----> true 
tcgbenchmarks.printtokens2_3.printTokens2.is_spec_symbol([C)Z.15.NOT_TAKEN -----> true 
tcgbenchmarks.printtokens2_3.printTokens2.get_token(Ltcgbenchmarks/printtokens2_3/token_stream;)[C.173.NOT_TAKEN -----> true 
tcgbenchmarks.printtokens2_3.printTokens2.get_token(Ltcgbenchmarks/printtokens2_3/token_stream;)[C.273.NOT_TAKEN -----> false 
tcgbenchmarks.printtokens2_3.printTokens2.is_keyword([C)Z.151.NOT_TAKEN -----> false 
tcgbenchmarks.printtokens2_3.printTokens2.is_char_constant([C)Z.18.TAKEN -----> false 
tcgbenchmarks.printtokens2_3.printTokens2.print_token([C)V.267.TAKEN -----> true 
tcgbenchmarks.printtokens2_3.printTokens2.is_token_end(IC)Z.93.TAKEN -----> true 
tcgbenchmarks.printtokens2_3.printTokens2.get_token(Ltcgbenchmarks/printtokens2_3/token_stream;)[C.17.TAKEN -----> true 
tcgbenchmarks.printtokens2_3.printTokens2.get_token(Ltcgbenchmarks/printtokens2_3/token_stream;)[C.112.NOT_TAKEN -----> true 
tcgbenchmarks.printtokens2_3.printTokens2.is_keyword([C)Z.133.TAKEN -----> false 
tcgbenchmarks.printtokens2_3.printTokens2.is_spec_symbol([C)Z.65.NOT_TAKEN -----> true 
tcgbenchmarks.printtokens2_3.printTokens2.is_keyword([C)Z.117.NOT_TAKEN -----> false 
tcgbenchmarks.printtokens2_3.printTokens2.get_token(Ltcgbenchmarks/printtokens2_3/token_stream;)[C.273.TAKEN -----> false 
tcgbenchmarks.printtokens2_3.printTokens2.is_keyword([C)Z.101.TAKEN -----> true 
tcgbenchmarks.printtokens2_3.printTokens2.get_token(Ltcgbenchmarks/printtokens2_3/token_stream;)[C.260.TAKEN -----> false 
tcgbenchmarks.printtokens2_3.printTokens2.is_token_end(IC)Z.54.TAKEN -----> true 
tcgbenchmarks.printtokens2_3.printTokens2.isalpha(C)Z.9.NOT_TAKEN -----> true 
tcgbenchmarks.printtokens2_3.printTokens2.get_token(Ltcgbenchmarks/printtokens2_3/token_stream;)[C.84.NOT_TAKEN -----> false 
tcgbenchmarks.printtokens2_3.printTokens2.get_token(Ltcgbenchmarks/printtokens2_3/token_stream;)[C.129.TAKEN -----> true 
tcgbenchmarks.printtokens2_3.printTokens2.is_token_end(IC)Z.69.NOT_TAKEN -----> false 
tcgbenchmarks.printtokens2_3.printTokens2.get_token(Ltcgbenchmarks/printtokens2_3/token_stream;)[C.84.TAKEN -----> true 
tcgbenchmarks.printtokens2_3.printTokens2.is_keyword([C)Z.109.NOT_TAKEN -----> false 
tcgbenchmarks.printtokens2_3.printTokens2.print_token([C)V.7.NOT_TAKEN -----> true 
tcgbenchmarks.printtokens2_3.printTokens2.print_spec_symbol([C)V.62.TAKEN -----> true 
tcgbenchmarks.printtokens2_3.printTokens2.token_type([C)I.17.TAKEN -----> true 
tcgbenchmarks.printtokens2_3.printTokens2.is_spec_symbol([C)Z.45.TAKEN -----> true 
tcgbenchmarks.printtokens2_3.printTokens2.is_keyword([C)Z.57.TAKEN -----> true 
tcgbenchmarks.printtokens2_3.printTokens2.is_keyword([C)Z.83.NOT_TAKEN -----> false 
tcgbenchmarks.printtokens2_3.printTokens2.is_comment([C)Z.5.NOT_TAKEN -----> true 
tcgbenchmarks.printtokens2_3.printTokens2.print_spec_symbol([C)V.81.NOT_TAKEN -----> true 
tcgbenchmarks.printtokens2_3.printTokens2.is_str_constant([C)Z.21.NOT_TAKEN -----> false 
tcgbenchmarks.printtokens2_3.printTokens2.print_token([C)V.26.TAKEN -----> true 
tcgbenchmarks.printtokens2_3.printTokens2.is_keyword([C)Z.83.TAKEN -----> false 
tcgbenchmarks.printtokens2_3.printTokens2.is_num_constant([C)Z.18.NOT_TAKEN -----> true 
tcgbenchmarks.printtokens2_3.printTokens2.get_token(Ltcgbenchmarks/printtokens2_3/token_stream;)[C.43.TAKEN -----> true 
tcgbenchmarks.printtokens2_3.printTokens2.is_spec_symbol([C)Z.25.NOT_TAKEN -----> true 
tcgbenchmarks.printtokens2_3.printTokens2.is_spec_symbol([C)Z.55.NOT_TAKEN -----> true 
tcgbenchmarks.printtokens2_3.printTokens2.get_token(Ltcgbenchmarks/printtokens2_3/token_stream;)[C.295.TAKEN -----> false 
tcgbenchmarks.printtokens2_3.printTokens2.is_identifier([C)Z.52.TAKEN -----> false 
tcgbenchmarks.printtokens2_3.printTokens2.print_token([C)V.185.TAKEN -----> true 
tcgbenchmarks.printtokens2_3.printTokens2.get_token(Ltcgbenchmarks/printtokens2_3/token_stream;)[C.260.NOT_TAKEN -----> false 
tcgbenchmarks.printtokens2_3.printTokens2.is_num_constant([C)Z.12.NOT_TAKEN -----> true 
tcgbenchmarks.printtokens2_3.printTokens2.is_comment([C)Z.5.TAKEN -----> true 
tcgbenchmarks.printtokens2_3.printTokens2.token_type([C)I.55.NOT_TAKEN -----> false 
tcgbenchmarks.printtokens2_3.printTokens2.isalpha(C)Z.23.NOT_TAKEN -----> true 
tcgbenchmarks.printtokens2_3.printTokens2.is_token_end(IC)Z.25.TAKEN -----> true 
tcgbenchmarks.printtokens2_3.printTokens2.is_keyword([C)Z.75.NOT_TAKEN -----> false 
tcgbenchmarks.printtokens2_3.token_stream.read()C.9.TAKEN -----> true 
tcgbenchmarks.printtokens2_3.printTokens2.is_token_end(IC)Z.48.TAKEN -----> true 
tcgbenchmarks.printtokens2_3.printTokens2.is_keyword([C)Z.125.NOT_TAKEN -----> false 
tcgbenchmarks.printtokens2_3.printTokens2.token_type([C)I.96.NOT_TAKEN -----> true 
tcgbenchmarks.printtokens2_3.printTokens2.is_keyword([C)Z.31.TAKEN -----> true 
tcgbenchmarks.printtokens2_3.printTokens2.token_type([C)I.28.NOT_TAKEN -----> true 
tcgbenchmarks.printtokens2_3.printTokens2.is_char_constant([C)Z.18.NOT_TAKEN -----> true 
tcgbenchmarks.printtokens2_3.printTokens2.get_token(Ltcgbenchmarks/printtokens2_3/token_stream;)[C.129.NOT_TAKEN -----> true 
tcgbenchmarks.printtokens2_3.printTokens2.token_type([C)I.83.TAKEN -----> true 
tcgbenchmarks.printtokens2_3.printTokens2.isdigit(C)Z.9.TAKEN -----> true 
tcgbenchmarks.printtokens2_3.printTokens2.is_num_constant([C)Z.33.TAKEN -----> true 
tcgbenchmarks.printtokens2_3.printTokens2.is_keyword([C)Z.133.NOT_TAKEN -----> false 
tcgbenchmarks.printtokens2_3.printTokens2.is_spec_symbol([C)Z.5.NOT_TAKEN -----> true 
tcgbenchmarks.printtokens2_3.printTokens2.is_num_constant([C)Z.33.NOT_TAKEN -----> false 
tcgbenchmarks.printtokens2_3.printTokens2.is_keyword([C)Z.49.TAKEN -----> true 
tcgbenchmarks.printtokens2_3.printTokens2.is_eof_token([C)Z.3.NOT_TAKEN -----> true 
tcgbenchmarks.printtokens2_3.printTokens2.get_token(Ltcgbenchmarks/printtokens2_3/token_stream;)[C.154.TAKEN -----> true 
tcgbenchmarks.printtokens2_3.printTokens2.print_spec_symbol([C)V.100.NOT_TAKEN -----> true 
tcgbenchmarks.printtokens2_3.printTokens2.token_type([C)I.69.NOT_TAKEN -----> true 
tcgbenchmarks.printtokens2_3.printTokens2.is_keyword([C)Z.143.TAKEN -----> true 
tcgbenchmarks.printtokens2_3.printTokens2.print_token([C)V.104.TAKEN -----> true 
tcgbenchmarks.printtokens2_3.printTokens2.is_spec_symbol([C)Z.25.TAKEN -----> true 
tcgbenchmarks.printtokens2_3.printTokens2.is_token_end(IC)Z.18.TAKEN -----> true 
tcgbenchmarks.printtokens2_3.printTokens2.print_spec_symbol([C)V.5.NOT_TAKEN -----> true 
tcgbenchmarks.printtokens2_3.printTokens2.token_type([C)I.83.NOT_TAKEN -----> true 
tcgbenchmarks.printtokens2_3.printTokens2.is_keyword([C)Z.5.NOT_TAKEN -----> true 
tcgbenchmarks.printtokens2_3.printTokens2.token_type([C)I.28.TAKEN -----> true 
tcgbenchmarks.printtokens2_3.printTokens2.mainProcess(CCCCCCCC)V.68.NOT_TAKEN -----> true 
tcgbenchmarks.printtokens2_3.printTokens2.get_token(Ltcgbenchmarks/printtokens2_3/token_stream;)[C.173.TAKEN -----> true 
tcgbenchmarks.printtokens2_3.printTokens2.is_token_end(IC)Z.48.NOT_TAKEN -----> true 
tcgbenchmarks.printtokens2_3.printTokens2.get_token(Ltcgbenchmarks/printtokens2_3/token_stream;)[C.142.NOT_TAKEN -----> true 
tcgbenchmarks.printtokens2_3.printTokens2.is_keyword([C)Z.109.TAKEN -----> false 
tcgbenchmarks.printtokens2_3.printTokens2.is_keyword([C)Z.49.NOT_TAKEN -----> true 
tcgbenchmarks.printtokens2_3.printTokens2.is_token_end(IC)Z.69.TAKEN -----> true 
tcgbenchmarks.printtokens2_3.printTokens2.print_spec_symbol([C)V.24.NOT_TAKEN -----> true 
tcgbenchmarks.printtokens2_3.printTokens2.is_keyword([C)Z.57.NOT_TAKEN -----> false 
tcgbenchmarks.printtokens2_3.printTokens2.is_identifier([C)Z.33.TAKEN -----> false 
tcgbenchmarks.printtokens2_3.printTokens2.is_keyword([C)Z.75.TAKEN -----> true 
tcgbenchmarks.printtokens2_3.printTokens2.token_type([C)I.55.TAKEN -----> true 
tcgbenchmarks.printtokens2_3.printTokens2.get_token(Ltcgbenchmarks/printtokens2_3/token_stream;)[C.186.NOT_TAKEN -----> true 
tcgbenchmarks.printtokens2_3.printTokens2.get_token(Ltcgbenchmarks/printtokens2_3/token_stream;)[C.54.TAKEN -----> true 
tcgbenchmarks.printtokens2_3.printTokens2.isalpha(C)Z.23.TAKEN -----> true 
tcgbenchmarks.printtokens2_3.printTokens2.isdigit(C)Z.9.NOT_TAKEN -----> true 
tcgbenchmarks.printtokens2_3.token_stream.read()C.9.NOT_TAKEN -----> true 
tcgbenchmarks.printtokens2_3.printTokens2.is_token_end(IC)Z.54.NOT_TAKEN -----> false 
tcgbenchmarks.printtokens2_3.printTokens2.get_token(Ltcgbenchmarks/printtokens2_3/token_stream;)[C.295.NOT_TAKEN -----> false 
tcgbenchmarks.printtokens2_3.printTokens2.is_char_constant([C)Z.5.TAKEN -----> true 
tcgbenchmarks.printtokens2_3.printTokens2.get_token(Ltcgbenchmarks/printtokens2_3/token_stream;)[C.54.NOT_TAKEN -----> true 
tcgbenchmarks.printtokens2_3.printTokens2.get_token(Ltcgbenchmarks/printtokens2_3/token_stream;)[C.289.TAKEN -----> false 
tcgbenchmarks.printtokens2_3.printTokens2.isalpha(C)Z.3.TAKEN -----> true 
tcgbenchmarks.printtokens2_3.printTokens2.get_token(Ltcgbenchmarks/printtokens2_3/token_stream;)[C.60.NOT_TAKEN -----> true 
tcgbenchmarks.printtokens2_3.printTokens2.is_spec_symbol([C)Z.15.TAKEN -----> true 
tcgbenchmarks.printtokens2_3.printTokens2.is_spec_symbol([C)Z.35.TAKEN -----> true 
tcgbenchmarks.printtokens2_3.printTokens2.is_spec_symbol([C)Z.55.TAKEN -----> true 
tcgbenchmarks.printtokens2_3.printTokens2.is_keyword([C)Z.67.TAKEN -----> true 
tcgbenchmarks.printtokens2_3.printTokens2.is_keyword([C)Z.13.NOT_TAKEN -----> false 
tcgbenchmarks.printtokens2_3.printTokens2.token_type([C)I.96.TAKEN -----> true 
tcgbenchmarks.printtokens2_3.printTokens2.is_spec_symbol([C)Z.35.NOT_TAKEN -----> true 
tcgbenchmarks.printtokens2_3.printTokens2.is_keyword([C)Z.21.NOT_TAKEN -----> false 
tcgbenchmarks.printtokens2_3.printTokens2.is_keyword([C)Z.39.NOT_TAKEN -----> false 
tcgbenchmarks.printtokens2_3.printTokens2.isalpha(C)Z.9.TAKEN -----> true 
tcgbenchmarks.printtokens2_3.printTokens2.is_keyword([C)Z.21.TAKEN -----> false 
tcgbenchmarks.printtokens2_3.printTokens2.get_token(Ltcgbenchmarks/printtokens2_3/token_stream;)[C.43.NOT_TAKEN -----> true 
tcgbenchmarks.printtokens2_3.printTokens2.get_token(Ltcgbenchmarks/printtokens2_3/token_stream;)[C.112.TAKEN -----> true 
tcgbenchmarks.printtokens2_3.printTokens2.token_type([C)I.17.NOT_TAKEN -----> false 
tcgbenchmarks.printtokens2_3.printTokens2.is_token_end(IC)Z.77.TAKEN -----> true 
tcgbenchmarks.printtokens2_3.printTokens2.is_keyword([C)Z.117.TAKEN -----> false 
tcgbenchmarks.printtokens2_3.printTokens2.is_str_constant([C)Z.7.TAKEN -----> true 
tcgbenchmarks.printtokens2_3.printTokens2.is_identifier([C)Z.33.NOT_TAKEN -----> true 
tcgbenchmarks.printtokens2_3.printTokens2.print_token([C)V.26.NOT_TAKEN -----> true 
tcgbenchmarks.printtokens2_3.printTokens2.is_token_end(IC)Z.31.TAKEN -----> true 
tcgbenchmarks.printtokens2_3.printTokens2.is_token_end(IC)Z.39.NOT_TAKEN -----> false 
tcgbenchmarks.printtokens2_3.printTokens2.is_identifier([C)Z.18.TAKEN -----> true 
tcgbenchmarks.printtokens2_3.printTokens2.is_identifier([C)Z.18.NOT_TAKEN -----> true 
tcgbenchmarks.printtokens2_3.printTokens2.is_spec_symbol([C)Z.45.NOT_TAKEN -----> true 
tcgbenchmarks.printtokens2_3.printTokens2.is_keyword([C)Z.5.TAKEN -----> true 
tcgbenchmarks.printtokens2_3.printTokens2.print_spec_symbol([C)V.5.TAKEN -----> true 
tcgbenchmarks.printtokens2_3.printTokens2.token_type([C)I.6.NOT_TAKEN -----> true 
tcgbenchmarks.printtokens2_3.printTokens2.is_keyword([C)Z.67.NOT_TAKEN -----> true 
tcgbenchmarks.printtokens2_3.printTokens2.is_keyword([C)Z.151.TAKEN -----> true 
tcgbenchmarks.printtokens2_3.printTokens2.is_str_constant([C)Z.13.NOT_TAKEN -----> true 
tcgbenchmarks.printtokens2_3.printTokens2.token_type([C)I.69.TAKEN -----> true 
tcgbenchmarks.printtokens2_3.printTokens2.is_num_constant([C)Z.12.TAKEN -----> true 
tcgbenchmarks.printtokens2_3.printTokens2.get_token(Ltcgbenchmarks/printtokens2_3/token_stream;)[C.186.TAKEN -----> false 
tcgbenchmarks.printtokens2_3.printTokens2.get_token(Ltcgbenchmarks/printtokens2_3/token_stream;)[C.244.TAKEN -----> false 
tcgbenchmarks.printtokens2_3.printTokens2.isalpha(C)Z.3.NOT_TAKEN -----> true 
tcgbenchmarks.printtokens2_3.token_stream.EOFStream()Z.9.TAKEN -----> true 
tcgbenchmarks.printtokens2_3.printTokens2.is_keyword([C)Z.13.TAKEN -----> true 
tcgbenchmarks.printtokens2_3.printTokens2.token_type([C)I.41.TAKEN -----> true 
tcgbenchmarks.printtokens2_3.printTokens2.is_token_end(IC)Z.85.TAKEN -----> true 
tcgbenchmarks.printtokens2_3.printTokens2.print_token([C)V.7.TAKEN -----> true 
tcgbenchmarks.printtokens2_3.printTokens2.print_token([C)V.104.NOT_TAKEN -----> true 
tcgbenchmarks.printtokens2_3.printTokens2.get_token(Ltcgbenchmarks/printtokens2_3/token_stream;)[C.223.NOT_TAKEN -----> true 
tcgbenchmarks.printtokens2_3.printTokens2.mainProcess(CCCCCCCC)V.68.TAKEN -----> true 
tcgbenchmarks.printtokens2_3.printTokens2.get_token(Ltcgbenchmarks/printtokens2_3/token_stream;)[C.60.TAKEN -----> true 
tcgbenchmarks.printtokens2_3.printTokens2.print_spec_symbol([C)V.24.TAKEN -----> true 
tcgbenchmarks.printtokens2_3.printTokens2.is_keyword([C)Z.93.TAKEN -----> true 
tcgbenchmarks.printtokens2_3.printTokens2.is_keyword([C)Z.101.NOT_TAKEN -----> false 
tcgbenchmarks.printtokens2_3.printTokens2.get_token(Ltcgbenchmarks/printtokens2_3/token_stream;)[C.73.TAKEN -----> true 
tcgbenchmarks.printtokens2_3.printTokens2.print_token([C)V.226.NOT_TAKEN -----> true 
tcgbenchmarks.printtokens2_3.printTokens2.is_identifier([C)Z.12.NOT_TAKEN -----> true 
tcgbenchmarks.printtokens2_3.printTokens2.is_str_constant([C)Z.13.TAKEN -----> true 
tcgbenchmarks.printtokens2_3.printTokens2.token_type([C)I.41.NOT_TAKEN -----> false 
tcgbenchmarks.printtokens2_3.printTokens2.is_keyword([C)Z.31.NOT_TAKEN -----> true 
tcgbenchmarks.printtokens2_3.printTokens2.is_num_constant([C)Z.18.TAKEN -----> false 
tcgbenchmarks.printtokens2_3.printTokens2.print_spec_symbol([C)V.43.NOT_TAKEN -----> true 
tcgbenchmarks.printtokens2_3.printTokens2.is_identifier([C)Z.12.TAKEN -----> true 
tcgbenchmarks.printtokens2_3.printTokens2.get_token(Ltcgbenchmarks/printtokens2_3/token_stream;)[C.154.NOT_TAKEN -----> true 
tcgbenchmarks.printtokens2_3.printTokens2.is_keyword([C)Z.39.TAKEN -----> true 
tcgbenchmarks.printtokens2_3.printTokens2.isalpha(C)Z.17.TAKEN -----> true 
tcgbenchmarks.printtokens2_3.printTokens2.is_keyword([C)Z.125.TAKEN -----> false 
tcgbenchmarks.printtokens2_3.printTokens2.isalpha(C)Z.17.NOT_TAKEN -----> true 
tcgbenchmarks.printtokens2_3.printTokens2.get_token(Ltcgbenchmarks/printtokens2_3/token_stream;)[C.73.NOT_TAKEN -----> false 
tcgbenchmarks.printtokens2_3.printTokens2.get_token(Ltcgbenchmarks/printtokens2_3/token_stream;)[C.289.NOT_TAKEN -----> false 
tcgbenchmarks.printtokens2_3.printTokens2.get_token(Ltcgbenchmarks/printtokens2_3/token_stream;)[C.244.NOT_TAKEN -----> false 
tcgbenchmarks.printtokens2_3.printTokens2.is_token_end(IC)Z.31.NOT_TAKEN -----> false 
tcgbenchmarks.printtokens2_3.printTokens2.get_token(Ltcgbenchmarks/printtokens2_3/token_stream;)[C.223.TAKEN -----> false 
tcgbenchmarks.printtokens2_3.printTokens2.isdigit(C)Z.3.TAKEN -----> true 
tcgbenchmarks.printtokens2_3.printTokens2.print_token([C)V.65.NOT_TAKEN -----> false 
tcgbenchmarks.printtokens2_3.printTokens2.get_token(Ltcgbenchmarks/printtokens2_3/token_stream;)[C.17.NOT_TAKEN -----> true 
tcgbenchmarks.printtokens2_3.printTokens2.print_token([C)V.226.TAKEN -----> true 
tcgbenchmarks.printtokens2_3.printTokens2.is_identifier([C)Z.52.NOT_TAKEN -----> false 
tcgbenchmarks.printtokens2_3.printTokens2.get_token(Ltcgbenchmarks/printtokens2_3/token_stream;)[C.142.TAKEN -----> true 
tcgbenchmarks.printtokens2_3.printTokens2.is_str_constant([C)Z.21.TAKEN -----> true 
tcgbenchmarks.printtokens2_3.printTokens2.print_token([C)V.185.NOT_TAKEN -----> false 
tcgbenchmarks.printtokens2_3.printTokens2.token_type([C)I.6.TAKEN -----> true 
tcgbenchmarks.printtokens2_3.printTokens2.print_spec_symbol([C)V.81.TAKEN -----> true 
tcgbenchmarks.printtokens2_3.printTokens2.is_keyword([C)Z.143.NOT_TAKEN -----> true 
tcgbenchmarks.printtokens2_3.printTokens2.print_token([C)V.267.NOT_TAKEN -----> true 
tcgbenchmarks.printtokens2_3.printTokens2.print_token([C)V.144.TAKEN -----> true 
tcgbenchmarks.printtokens2_3.printTokens2.is_keyword([C)Z.93.NOT_TAKEN -----> true 
tcgbenchmarks.printtokens2_3.printTokens2.print_spec_symbol([C)V.100.TAKEN -----> true 
tcgbenchmarks.printtokens2_3.printTokens2.print_token([C)V.144.NOT_TAKEN -----> false 
tcgbenchmarks.printtokens2_3.printTokens2.is_spec_symbol([C)Z.65.TAKEN -----> true 
tcgbenchmarks.printtokens2_3.token_stream.EOFStream()Z.9.NOT_TAKEN -----> true 


====================================================== Method Sequences
[mainProcess('\n','b','c','d','e','f','g','h')]
[mainProcess(' ','b','c','d','e','f','g','h')]
[mainProcess('(','b','c','d','e','f','g','h')]
[mainProcess(')','b','c','d','e','f','g','h')]
[mainProcess('[','b','c','d','e','f','g','h')]
[mainProcess(']','b','c','d','e','f','g','h')]
[mainProcess(''','b','c','d','e','f','g','h')]
[mainProcess('`','b','c','d','e','f','g','h')]
[mainProcess(',','b','c','d','e','f','g','h')]
[mainProcess('"','b','c','d','e','f','g','h')]
[mainProcess(';','b','c','d','e','f','g','h')]
[mainProcess('a','b','c','d','e','f','g','h')]
[mainProcess('o','b','c','d','e','f','g','h')]
[mainProcess('i','b','c','d','e','f','g','h')]
[mainProcess('x','b','c','d','e','f','g','h')]
[mainProcess('l','b','c','d','e','f','g','h')]
[mainProcess('=','b','c','d','e','f','g','h')]
[mainProcess('K','b','c','d','e','f','g','h')]
[mainProcess('g','b','c','d','e','f','g','h')]
[mainProcess(' ','b','c','d','e','f','g','h')]
[mainProcess('\','b','c','d','e','f','g','h')]
[mainProcess('0','b','c','d','e','f','g','h')]
[mainProcess('@','b','c','d','e','f','g','h')]
[mainProcess('#','b','c','d','e','f','g','h')]
[mainProcess('','b','c','d','e','f','g','h')]

====================================================== JUnit 4.0 test class
import static org.junit.Assert.*;
import org.junit.Before;
import org.junit.Test;

public class tcgbenchmarks_printtokens2_3_printTokens2Test {

	private tcgbenchmarks.printtokens2_3.printTokens2 tcgbenchmarks_printtokens2_3_printtokens2;

	@Before
	public void setUp() throws Exception {
		tcgbenchmarks_printtokens2_3_printtokens2 = new tcgbenchmarks.printtokens2_3.printTokens2();
	}

	@Test
	public void test0() {
		tcgbenchmarks_printtokens2_3_printtokens2.mainProcess('\n','b','c','d','e','f','g','h');
	}

	@Test
	public void test1() {
		tcgbenchmarks_printtokens2_3_printtokens2.mainProcess(' ','b','c','d','e','f','g','h');
	}

	@Test
	public void test2() {
		tcgbenchmarks_printtokens2_3_printtokens2.mainProcess('(','b','c','d','e','f','g','h');
	}

	@Test
	public void test3() {
		tcgbenchmarks_printtokens2_3_printtokens2.mainProcess(')','b','c','d','e','f','g','h');
	}

	@Test
	public void test4() {
		tcgbenchmarks_printtokens2_3_printtokens2.mainProcess('[','b','c','d','e','f','g','h');
	}

	@Test
	public void test5() {
		tcgbenchmarks_printtokens2_3_printtokens2.mainProcess(']','b','c','d','e','f','g','h');
	}

	@Test
	public void test6() {
		tcgbenchmarks_printtokens2_3_printtokens2.mainProcess(''','b','c','d','e','f','g','h');
	}

	@Test
	public void test7() {
		tcgbenchmarks_printtokens2_3_printtokens2.mainProcess('`','b','c','d','e','f','g','h');
	}

	@Test
	public void test8() {
		tcgbenchmarks_printtokens2_3_printtokens2.mainProcess(',','b','c','d','e','f','g','h');
	}

	@Test
	public void test9() {
		tcgbenchmarks_printtokens2_3_printtokens2.mainProcess('"','b','c','d','e','f','g','h');
	}

	@Test
	public void test10() {
		tcgbenchmarks_printtokens2_3_printtokens2.mainProcess(';','b','c','d','e','f','g','h');
	}

	@Test
	public void test11() {
		tcgbenchmarks_printtokens2_3_printtokens2.mainProcess('a','b','c','d','e','f','g','h');
	}

	@Test
	public void test12() {
		tcgbenchmarks_printtokens2_3_printtokens2.mainProcess('o','b','c','d','e','f','g','h');
	}

	@Test
	public void test13() {
		tcgbenchmarks_printtokens2_3_printtokens2.mainProcess('i','b','c','d','e','f','g','h');
	}

	@Test
	public void test14() {
		tcgbenchmarks_printtokens2_3_printtokens2.mainProcess('x','b','c','d','e','f','g','h');
	}

	@Test
	public void test15() {
		tcgbenchmarks_printtokens2_3_printtokens2.mainProcess('l','b','c','d','e','f','g','h');
	}

	@Test
	public void test16() {
		tcgbenchmarks_printtokens2_3_printtokens2.mainProcess('=','b','c','d','e','f','g','h');
	}

	@Test
	public void test17() {
		tcgbenchmarks_printtokens2_3_printtokens2.mainProcess('K','b','c','d','e','f','g','h');
	}

	@Test
	public void test18() {
		tcgbenchmarks_printtokens2_3_printtokens2.mainProcess('g','b','c','d','e','f','g','h');
	}

	@Test
	public void test19() {
		tcgbenchmarks_printtokens2_3_printtokens2.mainProcess(' ','b','c','d','e','f','g','h');
	}

	@Test
	public void test20() {
		tcgbenchmarks_printtokens2_3_printtokens2.mainProcess('\','b','c','d','e','f','g','h');
	}

	@Test
	public void test21() {
		tcgbenchmarks_printtokens2_3_printtokens2.mainProcess('0','b','c','d','e','f','g','h');
	}

	@Test
	public void test22() {
		tcgbenchmarks_printtokens2_3_printtokens2.mainProcess('@','b','c','d','e','f','g','h');
	}

	@Test
	public void test23() {
		tcgbenchmarks_printtokens2_3_printtokens2.mainProcess('#','b','c','d','e','f','g','h');
	}

	@Test
	public void test24() {
		tcgbenchmarks_printtokens2_3_printtokens2.mainProcess('','b','c','d','e','f','g','h');
	}
}

====================================================== results
no errors detected

====================================================== statistics
elapsed time:       00:00:05
states:             new=354,visited=0,backtracked=354,end=26
search:             maxDepth=38,constraints=0
choice generators:  thread=1 (signal=0,lock=1,sharedRef=0,threadApi=0,reschedule=0), data=177
heap:               new=1043,released=531,maxLive=380,gcCycles=178
instructions:       39616
max memory:         481MB
loaded code:        classes=72,methods=1386

====================================================== search finished: 5/13/21 6:13 PM
